This is pdfTeX, Version 3.14159265-2.6-1.40.19 (MiKTeX 2.9.6730 64-bit) (preloaded format=pdflatex 2018.8.30)  12 DEC 2018 13:38
entering extended mode
**"./General WLD combinatorics.tex"
("General WLD combinatorics.tex"
LaTeX2e <2018-04-01> patch level 5
("C:\Users\agarws1\AppData\Local\Programs\MiKTeX 2.9\tex\latex\base\article.cls
"
Document Class: article 2014/09/29 v1.4h Standard LaTeX document class
("C:\Users\agarws1\AppData\Local\Programs\MiKTeX 2.9\tex\latex\base\size11.clo"
File: size11.clo 2014/09/29 v1.4h Standard LaTeX file (size option)
)
\c@part=\count80
\c@section=\count81
\c@subsection=\count82
\c@subsubsection=\count83
\c@paragraph=\count84
\c@subparagraph=\count85
\c@figure=\count86
\c@table=\count87
\abovecaptionskip=\skip41
\belowcaptionskip=\skip42
\bibindent=\dimen102
)
("C:\Users\agarws1\AppData\Local\Programs\MiKTeX 2.9\tex\latex\amsfonts\amssymb
.sty"
Package: amssymb 2013/01/14 v3.01 AMS font symbols

("C:\Users\agarws1\AppData\Local\Programs\MiKTeX 2.9\tex\latex\amsfonts\amsfont
s.sty"
Package: amsfonts 2013/01/14 v3.01 Basic AMSFonts support
\@emptytoks=\toks14
\symAMSa=\mathgroup4
\symAMSb=\mathgroup5
LaTeX Font Info:    Overwriting math alphabet `\mathfrak' in version `bold'
(Font)                  U/euf/m/n --> U/euf/b/n on input line 106.
))
("C:\Users\agarws1\AppData\Local\Programs\MiKTeX 2.9\tex\latex\amsmath\amsmath.
sty"
Package: amsmath 2017/09/02 v2.17a AMS math features
\@mathmargin=\skip43

For additional information on amsmath, use the `?' option.

("C:\Users\agarws1\AppData\Local\Programs\MiKTeX 2.9\tex\latex\amsmath\amstext.
sty"
Package: amstext 2000/06/29 v2.01 AMS text

("C:\Users\agarws1\AppData\Local\Programs\MiKTeX 2.9\tex\latex\amsmath\amsgen.s
ty"
File: amsgen.sty 1999/11/30 v2.0 generic functions
\@emptytoks=\toks15
\ex@=\dimen103
))
("C:\Users\agarws1\AppData\Local\Programs\MiKTeX 2.9\tex\latex\amsmath\amsbsy.s
ty"
Package: amsbsy 1999/11/29 v1.2d Bold Symbols
\pmbraise@=\dimen104
)
("C:\Users\agarws1\AppData\Local\Programs\MiKTeX 2.9\tex\latex\amsmath\amsopn.s
ty"
Package: amsopn 2016/03/08 v2.02 operator names
)
\inf@bad=\count88
LaTeX Info: Redefining \frac on input line 213.
\uproot@=\count89
\leftroot@=\count90
LaTeX Info: Redefining \overline on input line 375.
\classnum@=\count91
\DOTSCASE@=\count92
LaTeX Info: Redefining \ldots on input line 472.
LaTeX Info: Redefining \dots on input line 475.
LaTeX Info: Redefining \cdots on input line 596.
\Mathstrutbox@=\box26
\strutbox@=\box27
\big@size=\dimen105
LaTeX Font Info:    Redeclaring font encoding OML on input line 712.
LaTeX Font Info:    Redeclaring font encoding OMS on input line 713.
\macc@depth=\count93
\c@MaxMatrixCols=\count94
\dotsspace@=\muskip10
\c@parentequation=\count95
\dspbrk@lvl=\count96
\tag@help=\toks16
\row@=\count97
\column@=\count98
\maxfields@=\count99
\andhelp@=\toks17
\eqnshift@=\dimen106
\alignsep@=\dimen107
\tagshift@=\dimen108
\tagwidth@=\dimen109
\totwidth@=\dimen110
\lineht@=\dimen111
\@envbody=\toks18
\multlinegap=\skip44
\multlinetaggap=\skip45
\mathdisplay@stack=\toks19
LaTeX Info: Redefining \[ on input line 2817.
LaTeX Info: Redefining \] on input line 2818.
)
("C:\Users\agarws1\AppData\Local\Programs\MiKTeX 2.9\tex\latex\tools\verbatim.s
ty"
Package: verbatim 2014/10/28 v1.5q LaTeX2e package for verbatim enhancements
\every@verbatim=\toks20
\verbatim@line=\toks21
\verbatim@in@stream=\read1
)
("C:\Users\agarws1\AppData\Local\Programs\MiKTeX 2.9\tex\latex\amscls\amsthm.st
y"
Package: amsthm 2017/10/31 v2.20.4
\thm@style=\toks22
\thm@bodyfont=\toks23
\thm@headfont=\toks24
\thm@notefont=\toks25
\thm@headpunct=\toks26
\thm@preskip=\skip46
\thm@postskip=\skip47
\thm@headsep=\skip48
\dth@everypar=\toks27
) ("C:\Users\agarws1\AppData\Local\Programs\MiKTeX 2.9\tex\latex\url\url.sty"
\Urlmuskip=\muskip11
Package: url 2013/09/16  ver 3.4  Verb mode for urls, etc.
)
("C:\Users\agarws1\AppData\Local\Programs\MiKTeX 2.9\tex\latex\multirow\multiro
w.sty"
Package: multirow 2016/11/25 v2.2 Span multiple rows of a table
\multirow@colwidth=\skip49
\multirow@cntb=\count100
\multirow@dima=\skip50
\bigstrutjot=\dimen112
)
("C:\Users\agarws1\AppData\Local\Programs\MiKTeX 2.9\tex\latex\preprint\fullpag
e.sty"
Package: fullpage 1999/02/23 1.1 (PWD)
\FP@margin=\skip51
)
("C:\Users\agarws1\AppData\Local\Programs\MiKTeX 2.9\tex\latex\mathtools\mathto
ols.sty"
Package: mathtools 2018/01/08 v1.21 mathematical typesetting tools

("C:\Users\agarws1\AppData\Local\Programs\MiKTeX 2.9\tex\latex\graphics\keyval.
sty"
Package: keyval 2014/10/28 v1.15 key=value parser (DPC)
\KV@toks@=\toks28
)
("C:\Users\agarws1\AppData\Local\Programs\MiKTeX 2.9\tex\latex\tools\calc.sty"
Package: calc 2017/05/25 v4.3 Infix arithmetic (KKT,FJ)
\calc@Acount=\count101
\calc@Bcount=\count102
\calc@Adimen=\dimen113
\calc@Bdimen=\dimen114
\calc@Askip=\skip52
\calc@Bskip=\skip53
LaTeX Info: Redefining \setlength on input line 80.
LaTeX Info: Redefining \addtolength on input line 81.
\calc@Ccount=\count103
\calc@Cskip=\skip54
)
("C:\Users\agarws1\AppData\Local\Programs\MiKTeX 2.9\tex\latex\mathtools\mhsetu
p.sty"
Package: mhsetup 2017/03/31 v1.3 programming setup (MH)
)
LaTeX Info: Thecontrolsequence`\('isalreadyrobust on input line 129.
LaTeX Info: Thecontrolsequence`\)'isalreadyrobust on input line 129.
LaTeX Info: Thecontrolsequence`\['isalreadyrobust on input line 129.
LaTeX Info: Thecontrolsequence`\]'isalreadyrobust on input line 129.
\g_MT_multlinerow_int=\count104
\l_MT_multwidth_dim=\dimen115
\origjot=\skip55
\l_MT_shortvdotswithinadjustabove_dim=\dimen116
\l_MT_shortvdotswithinadjustbelow_dim=\dimen117
\l_MT_above_intertext_sep=\dimen118
\l_MT_below_intertext_sep=\dimen119
\l_MT_above_shortintertext_sep=\dimen120
\l_MT_below_shortintertext_sep=\dimen121
)
("C:\Users\agarws1\AppData\Local\Programs\MiKTeX 2.9\tex\latex\tools\longtable.
sty"
Package: longtable 2014/10/28 v4.11 Multi-page Table package (DPC)
\LTleft=\skip56
\LTright=\skip57
\LTpre=\skip58
\LTpost=\skip59
\LTchunksize=\count105
\LTcapwidth=\dimen122
\LT@head=\box28
\LT@firsthead=\box29
\LT@foot=\box30
\LT@lastfoot=\box31
\LT@cols=\count106
\LT@rows=\count107
\c@LT@tables=\count108
\c@LT@chunks=\count109
\LT@p@ftn=\toks29
)
("C:\Users\agarws1\AppData\Local\Programs\MiKTeX 2.9\tex\latex\graphics\rotatin
g.sty"
Package: rotating 2016/08/11 v2.16d rotated objects in LaTeX

("C:\Users\agarws1\AppData\Local\Programs\MiKTeX 2.9\tex\latex\graphics\graphic
x.sty"
Package: graphicx 2017/06/01 v1.1a Enhanced LaTeX Graphics (DPC,SPQR)

("C:\Users\agarws1\AppData\Local\Programs\MiKTeX 2.9\tex\latex\graphics\graphic
s.sty"
Package: graphics 2017/06/25 v1.2c Standard LaTeX Graphics (DPC,SPQR)

("C:\Users\agarws1\AppData\Local\Programs\MiKTeX 2.9\tex\latex\graphics\trig.st
y"
Package: trig 2016/01/03 v1.10 sin cos tan (DPC)
)
("C:\Users\agarws1\AppData\Local\Programs\MiKTeX 2.9\tex\latex\graphics-cfg\gra
phics.cfg"
File: graphics.cfg 2016/06/04 v1.11 sample graphics configuration
)
Package graphics Info: Driver file: pdftex.def on input line 99.

("C:\Users\agarws1\AppData\Local\Programs\MiKTeX 2.9\tex\latex\graphics-def\pdf
tex.def"
File: pdftex.def 2018/01/08 v1.0l Graphics/color driver for pdftex
))
\Gin@req@height=\dimen123
\Gin@req@width=\dimen124
)
("C:\Users\agarws1\AppData\Local\Programs\MiKTeX 2.9\tex\latex\base\ifthen.sty"
Package: ifthen 2014/09/29 v1.1c Standard LaTeX ifthen package (DPC)
)
\c@r@tfl@t=\count110
\rotFPtop=\skip60
\rotFPbot=\skip61
\rot@float@box=\box32
\rot@mess@toks=\toks30
)
("C:\Users\agarws1\AppData\Local\Programs\MiKTeX 2.9\tex\latex\makecell\makecel
l.sty"
Package: makecell 2009/08/03 V0.1e Managing of Tab Column Heads and Cells

("C:\Users\agarws1\AppData\Local\Programs\MiKTeX 2.9\tex\latex\tools\array.sty"
Package: array 2018/04/30 v2.4h Tabular extension package (FMi)
\col@sep=\dimen125
\ar@mcellbox=\box33
\extrarowheight=\dimen126
\NC@list=\toks31
\extratabsurround=\skip62
\backup@length=\skip63
\ar@cellbox=\box34
)
\rotheadsize=\dimen127
\c@nlinenum=\count111
\TeXr@lab=\toks32
)
("C:\Users\agarws1\AppData\Local\Programs\MiKTeX 2.9\tex\latex\ytableau\ytablea
u.sty"
Package: ytableau 2012/08/14 v1.3 Many-featured Young tableaux and Young diagra
ms
\tableaux@YT=\box35
\thistableau@YT=\box36
\refhtdp@YT=\box37
\toks@YT=\toks33
\opttoksa@YT=\toks34
\opttoksb@YT=\toks35
\boxdim@YT=\dimen128
\tableauwd@YT=\dimen129
\count@YT=\count112

("C:\Users\agarws1\AppData\Local\Programs\MiKTeX 2.9\tex\latex\pgf\utilities\pg
fkeys.sty"
("C:\Users\agarws1\AppData\Local\Programs\MiKTeX 2.9\tex\generic\pgf\utilities\
pgfkeys.code.tex"
\pgfkeys@pathtoks=\toks36
\pgfkeys@temptoks=\toks37

("C:\Users\agarws1\AppData\Local\Programs\MiKTeX 2.9\tex\generic\pgf\utilities\
pgfkeysfiltered.code.tex"
\pgfkeys@tmptoks=\toks38
)))
("C:\Users\agarws1\AppData\Local\Programs\MiKTeX 2.9\tex\latex\pgfopts\pgfopts.
sty"
Package: pgfopts 2014/07/10 v2.1a LaTeX package options with pgfkeys
\pgfopts@list@add@a@toks=\toks39
\pgfopts@list@add@b@toks=\toks40
)
("C:\Users\agarws1\AppData\Local\Programs\MiKTeX 2.9\tex\latex\xcolor\xcolor.st
y"
Package: xcolor 2016/05/11 v2.12 LaTeX color extensions (UK)

("C:\Users\agarws1\AppData\Local\Programs\MiKTeX 2.9\tex\latex\graphics-cfg\col
or.cfg"
File: color.cfg 2016/01/02 v1.6 sample color configuration
)
Package xcolor Info: Driver file: pdftex.def on input line 225.
Package xcolor Info: Model `cmy' substituted by `cmy0' on input line 1348.
Package xcolor Info: Model `hsb' substituted by `rgb' on input line 1352.
Package xcolor Info: Model `RGB' extended on input line 1364.
Package xcolor Info: Model `HTML' substituted by `rgb' on input line 1366.
Package xcolor Info: Model `Hsb' substituted by `hsb' on input line 1367.
Package xcolor Info: Model `tHsb' substituted by `hsb' on input line 1368.
Package xcolor Info: Model `HSB' substituted by `hsb' on input line 1369.
Package xcolor Info: Model `Gray' substituted by `gray' on input line 1370.
Package xcolor Info: Model `wave' substituted by `hsb' on input line 1371.
))
("C:\Users\agarws1\AppData\Local\Programs\MiKTeX 2.9\tex\latex\soul\soul.sty"
Package: soul 2003/11/17 v2.4 letterspacing/underlining (mf)
\SOUL@word=\toks41
\SOUL@lasttoken=\toks42
\SOUL@cmds=\toks43
\SOUL@buffer=\toks44
\SOUL@token=\toks45
\SOUL@spaceskip=\skip64
\SOUL@ttwidth=\dimen130
\SOUL@uldp=\dimen131
\SOUL@ulht=\dimen132
)
("C:\Users\agarws1\AppData\Local\Programs\MiKTeX 2.9\tex\latex\todonotes\todono
tes.sty"
Package: todonotes 2015/07/09 .dtx Todonotes source and documentation.
Package: todonotes 2012/07/25

("C:\Users\agarws1\AppData\Local\Programs\MiKTeX 2.9\tex\latex\xkeyval\xkeyval.
sty"
Package: xkeyval 2014/12/03 v2.7a package option processing (HA)

("C:\Users\agarws1\AppData\Local\Programs\MiKTeX 2.9\tex\generic\xkeyval\xkeyva
l.tex"
("C:\Users\agarws1\AppData\Local\Programs\MiKTeX 2.9\tex\generic\xkeyval\xkvuti
ls.tex"
\XKV@toks=\toks46
\XKV@tempa@toks=\toks47
)
\XKV@depth=\count113
File: xkeyval.tex 2014/12/03 v2.7a key=value parser (HA)
))
("C:\Users\agarws1\AppData\Local\Programs\MiKTeX 2.9\tex\latex\pgf\frontendlaye
r\tikz.sty"
("C:\Users\agarws1\AppData\Local\Programs\MiKTeX 2.9\tex\latex\pgf\basiclayer\p
gf.sty"
("C:\Users\agarws1\AppData\Local\Programs\MiKTeX 2.9\tex\latex\pgf\utilities\pg
frcs.sty"
("C:\Users\agarws1\AppData\Local\Programs\MiKTeX 2.9\tex\generic\pgf\utilities\
pgfutil-common.tex"
\pgfutil@everybye=\toks48
\pgfutil@tempdima=\dimen133
\pgfutil@tempdimb=\dimen134

("C:\Users\agarws1\AppData\Local\Programs\MiKTeX 2.9\tex\generic\pgf\utilities\
pgfutil-common-lists.tex"))
("C:\Users\agarws1\AppData\Local\Programs\MiKTeX 2.9\tex\generic\pgf\utilities\
pgfutil-latex.def"
\pgfutil@abb=\box38

("C:\Users\agarws1\AppData\Local\Programs\MiKTeX 2.9\tex\latex\ms\everyshi.sty"
Package: everyshi 2001/05/15 v3.00 EveryShipout Package (MS)
))
("C:\Users\agarws1\AppData\Local\Programs\MiKTeX 2.9\tex\generic\pgf\utilities\
pgfrcs.code.tex"
Package: pgfrcs 2015/08/07 v3.0.1a (rcs-revision 1.31)
))
Package: pgf 2015/08/07 v3.0.1a (rcs-revision 1.15)

("C:\Users\agarws1\AppData\Local\Programs\MiKTeX 2.9\tex\latex\pgf\basiclayer\p
gfcore.sty"
("C:\Users\agarws1\AppData\Local\Programs\MiKTeX 2.9\tex\latex\pgf\systemlayer\
pgfsys.sty"
("C:\Users\agarws1\AppData\Local\Programs\MiKTeX 2.9\tex\generic\pgf\systemlaye
r\pgfsys.code.tex"
Package: pgfsys 2014/07/09 v3.0.1a (rcs-revision 1.48)

("C:\Users\agarws1\AppData\Local\Programs\MiKTeX 2.9\tex\generic\pgf\utilities\
pgfkeys.code.tex")
\pgf@x=\dimen135
\pgf@y=\dimen136
\pgf@xa=\dimen137
\pgf@ya=\dimen138
\pgf@xb=\dimen139
\pgf@yb=\dimen140
\pgf@xc=\dimen141
\pgf@yc=\dimen142
\w@pgf@writea=\write3
\r@pgf@reada=\read2
\c@pgf@counta=\count114
\c@pgf@countb=\count115
\c@pgf@countc=\count116
\c@pgf@countd=\count117
\t@pgf@toka=\toks49
\t@pgf@tokb=\toks50
\t@pgf@tokc=\toks51

("C:\Users\agarws1\AppData\Local\Programs\MiKTeX 2.9\tex\generic\pgf\systemlaye
r\pgf.cfg"
File: pgf.cfg 2008/05/14  (rcs-revision 1.7)
)
Driver file for pgf: pgfsys-pdftex.def

("C:\Users\agarws1\AppData\Local\Programs\MiKTeX 2.9\tex\generic\pgf\systemlaye
r\pgfsys-pdftex.def"
File: pgfsys-pdftex.def 2014/10/11  (rcs-revision 1.35)

("C:\Users\agarws1\AppData\Local\Programs\MiKTeX 2.9\tex\generic\pgf\systemlaye
r\pgfsys-common-pdf.def"
File: pgfsys-common-pdf.def 2013/10/10  (rcs-revision 1.13)
)))
("C:\Users\agarws1\AppData\Local\Programs\MiKTeX 2.9\tex\generic\pgf\systemlaye
r\pgfsyssoftpath.code.tex"
File: pgfsyssoftpath.code.tex 2013/09/09  (rcs-revision 1.9)
\pgfsyssoftpath@smallbuffer@items=\count118
\pgfsyssoftpath@bigbuffer@items=\count119
)
("C:\Users\agarws1\AppData\Local\Programs\MiKTeX 2.9\tex\generic\pgf\systemlaye
r\pgfsysprotocol.code.tex"
File: pgfsysprotocol.code.tex 2006/10/16  (rcs-revision 1.4)
))
("C:\Users\agarws1\AppData\Local\Programs\MiKTeX 2.9\tex\generic\pgf\basiclayer
\pgfcore.code.tex"
Package: pgfcore 2010/04/11 v3.0.1a (rcs-revision 1.7)

("C:\Users\agarws1\AppData\Local\Programs\MiKTeX 2.9\tex\generic\pgf\math\pgfma
th.code.tex"
("C:\Users\agarws1\AppData\Local\Programs\MiKTeX 2.9\tex\generic\pgf\math\pgfma
thcalc.code.tex"
("C:\Users\agarws1\AppData\Local\Programs\MiKTeX 2.9\tex\generic\pgf\math\pgfma
thutil.code.tex")
("C:\Users\agarws1\AppData\Local\Programs\MiKTeX 2.9\tex\generic\pgf\math\pgfma
thparser.code.tex"
\pgfmath@dimen=\dimen143
\pgfmath@count=\count120
\pgfmath@box=\box39
\pgfmath@toks=\toks52
\pgfmath@stack@operand=\toks53
\pgfmath@stack@operation=\toks54
)
("C:\Users\agarws1\AppData\Local\Programs\MiKTeX 2.9\tex\generic\pgf\math\pgfma
thfunctions.code.tex"
("C:\Users\agarws1\AppData\Local\Programs\MiKTeX 2.9\tex\generic\pgf\math\pgfma
thfunctions.basic.code.tex")
("C:\Users\agarws1\AppData\Local\Programs\MiKTeX 2.9\tex\generic\pgf\math\pgfma
thfunctions.trigonometric.code.tex")
("C:\Users\agarws1\AppData\Local\Programs\MiKTeX 2.9\tex\generic\pgf\math\pgfma
thfunctions.random.code.tex")
("C:\Users\agarws1\AppData\Local\Programs\MiKTeX 2.9\tex\generic\pgf\math\pgfma
thfunctions.comparison.code.tex")
("C:\Users\agarws1\AppData\Local\Programs\MiKTeX 2.9\tex\generic\pgf\math\pgfma
thfunctions.base.code.tex")
("C:\Users\agarws1\AppData\Local\Programs\MiKTeX 2.9\tex\generic\pgf\math\pgfma
thfunctions.round.code.tex")
("C:\Users\agarws1\AppData\Local\Programs\MiKTeX 2.9\tex\generic\pgf\math\pgfma
thfunctions.misc.code.tex")
("C:\Users\agarws1\AppData\Local\Programs\MiKTeX 2.9\tex\generic\pgf\math\pgfma
thfunctions.integerarithmetics.code.tex")))
("C:\Users\agarws1\AppData\Local\Programs\MiKTeX 2.9\tex\generic\pgf\math\pgfma
thfloat.code.tex"
\c@pgfmathroundto@lastzeros=\count121
))
("C:\Users\agarws1\AppData\Local\Programs\MiKTeX 2.9\tex\generic\pgf\basiclayer
\pgfcorepoints.code.tex"
File: pgfcorepoints.code.tex 2013/10/07  (rcs-revision 1.27)
\pgf@picminx=\dimen144
\pgf@picmaxx=\dimen145
\pgf@picminy=\dimen146
\pgf@picmaxy=\dimen147
\pgf@pathminx=\dimen148
\pgf@pathmaxx=\dimen149
\pgf@pathminy=\dimen150
\pgf@pathmaxy=\dimen151
\pgf@xx=\dimen152
\pgf@xy=\dimen153
\pgf@yx=\dimen154
\pgf@yy=\dimen155
\pgf@zx=\dimen156
\pgf@zy=\dimen157
)
("C:\Users\agarws1\AppData\Local\Programs\MiKTeX 2.9\tex\generic\pgf\basiclayer
\pgfcorepathconstruct.code.tex"
File: pgfcorepathconstruct.code.tex 2013/10/07  (rcs-revision 1.29)
\pgf@path@lastx=\dimen158
\pgf@path@lasty=\dimen159
)
("C:\Users\agarws1\AppData\Local\Programs\MiKTeX 2.9\tex\generic\pgf\basiclayer
\pgfcorepathusage.code.tex"
File: pgfcorepathusage.code.tex 2014/11/02  (rcs-revision 1.24)
\pgf@shorten@end@additional=\dimen160
\pgf@shorten@start@additional=\dimen161
)
("C:\Users\agarws1\AppData\Local\Programs\MiKTeX 2.9\tex\generic\pgf\basiclayer
\pgfcorescopes.code.tex"
File: pgfcorescopes.code.tex 2015/05/08  (rcs-revision 1.46)
\pgfpic=\box40
\pgf@hbox=\box41
\pgf@layerbox@main=\box42
\pgf@picture@serial@count=\count122
)
("C:\Users\agarws1\AppData\Local\Programs\MiKTeX 2.9\tex\generic\pgf\basiclayer
\pgfcoregraphicstate.code.tex"
File: pgfcoregraphicstate.code.tex 2014/11/02  (rcs-revision 1.12)
\pgflinewidth=\dimen162
)
("C:\Users\agarws1\AppData\Local\Programs\MiKTeX 2.9\tex\generic\pgf\basiclayer
\pgfcoretransformations.code.tex"
File: pgfcoretransformations.code.tex 2015/08/07  (rcs-revision 1.20)
\pgf@pt@x=\dimen163
\pgf@pt@y=\dimen164
\pgf@pt@temp=\dimen165
)
("C:\Users\agarws1\AppData\Local\Programs\MiKTeX 2.9\tex\generic\pgf\basiclayer
\pgfcorequick.code.tex"
File: pgfcorequick.code.tex 2008/10/09  (rcs-revision 1.3)
)
("C:\Users\agarws1\AppData\Local\Programs\MiKTeX 2.9\tex\generic\pgf\basiclayer
\pgfcoreobjects.code.tex"
File: pgfcoreobjects.code.tex 2006/10/11  (rcs-revision 1.2)
)
("C:\Users\agarws1\AppData\Local\Programs\MiKTeX 2.9\tex\generic\pgf\basiclayer
\pgfcorepathprocessing.code.tex"
File: pgfcorepathprocessing.code.tex 2013/09/09  (rcs-revision 1.9)
)
("C:\Users\agarws1\AppData\Local\Programs\MiKTeX 2.9\tex\generic\pgf\basiclayer
\pgfcorearrows.code.tex"
File: pgfcorearrows.code.tex 2015/05/14  (rcs-revision 1.43)
\pgfarrowsep=\dimen166
)
("C:\Users\agarws1\AppData\Local\Programs\MiKTeX 2.9\tex\generic\pgf\basiclayer
\pgfcoreshade.code.tex"
File: pgfcoreshade.code.tex 2013/07/15  (rcs-revision 1.15)
\pgf@max=\dimen167
\pgf@sys@shading@range@num=\count123
)
("C:\Users\agarws1\AppData\Local\Programs\MiKTeX 2.9\tex\generic\pgf\basiclayer
\pgfcoreimage.code.tex"
File: pgfcoreimage.code.tex 2013/07/15  (rcs-revision 1.18)

("C:\Users\agarws1\AppData\Local\Programs\MiKTeX 2.9\tex\generic\pgf\basiclayer
\pgfcoreexternal.code.tex"
File: pgfcoreexternal.code.tex 2014/07/09  (rcs-revision 1.21)
\pgfexternal@startupbox=\box43
))
("C:\Users\agarws1\AppData\Local\Programs\MiKTeX 2.9\tex\generic\pgf\basiclayer
\pgfcorelayers.code.tex"
File: pgfcorelayers.code.tex 2013/07/18  (rcs-revision 1.7)
)
("C:\Users\agarws1\AppData\Local\Programs\MiKTeX 2.9\tex\generic\pgf\basiclayer
\pgfcoretransparency.code.tex"
File: pgfcoretransparency.code.tex 2013/09/30  (rcs-revision 1.5)
)
("C:\Users\agarws1\AppData\Local\Programs\MiKTeX 2.9\tex\generic\pgf\basiclayer
\pgfcorepatterns.code.tex"
File: pgfcorepatterns.code.tex 2013/11/07  (rcs-revision 1.5)
)))
("C:\Users\agarws1\AppData\Local\Programs\MiKTeX 2.9\tex\generic\pgf\modules\pg
fmoduleshapes.code.tex"
File: pgfmoduleshapes.code.tex 2014/03/21  (rcs-revision 1.35)
\pgfnodeparttextbox=\box44
)
("C:\Users\agarws1\AppData\Local\Programs\MiKTeX 2.9\tex\generic\pgf\modules\pg
fmoduleplot.code.tex"
File: pgfmoduleplot.code.tex 2015/08/03  (rcs-revision 1.13)
)
("C:\Users\agarws1\AppData\Local\Programs\MiKTeX 2.9\tex\latex\pgf\compatibilit
y\pgfcomp-version-0-65.sty"
Package: pgfcomp-version-0-65 2007/07/03 v3.0.1a (rcs-revision 1.7)
\pgf@nodesepstart=\dimen168
\pgf@nodesepend=\dimen169
)
("C:\Users\agarws1\AppData\Local\Programs\MiKTeX 2.9\tex\latex\pgf\compatibilit
y\pgfcomp-version-1-18.sty"
Package: pgfcomp-version-1-18 2007/07/23 v3.0.1a (rcs-revision 1.1)
))
("C:\Users\agarws1\AppData\Local\Programs\MiKTeX 2.9\tex\latex\pgf\utilities\pg
ffor.sty"
("C:\Users\agarws1\AppData\Local\Programs\MiKTeX 2.9\tex\latex\pgf\math\pgfmath
.sty"
("C:\Users\agarws1\AppData\Local\Programs\MiKTeX 2.9\tex\generic\pgf\math\pgfma
th.code.tex"))
("C:\Users\agarws1\AppData\Local\Programs\MiKTeX 2.9\tex\generic\pgf\utilities\
pgffor.code.tex"
Package: pgffor 2013/12/13 v3.0.1a (rcs-revision 1.25)

("C:\Users\agarws1\AppData\Local\Programs\MiKTeX 2.9\tex\generic\pgf\math\pgfma
th.code.tex")
\pgffor@iter=\dimen170
\pgffor@skip=\dimen171
\pgffor@stack=\toks55
\pgffor@toks=\toks56
))
("C:\Users\agarws1\AppData\Local\Programs\MiKTeX 2.9\tex\generic\pgf\frontendla
yer\tikz\tikz.code.tex"
Package: tikz 2015/08/07 v3.0.1a (rcs-revision 1.151)

("C:\Users\agarws1\AppData\Local\Programs\MiKTeX 2.9\tex\generic\pgf\libraries\
pgflibraryplothandlers.code.tex"
File: pgflibraryplothandlers.code.tex 2013/08/31 v3.0.1a (rcs-revision 1.20)
\pgf@plot@mark@count=\count124
\pgfplotmarksize=\dimen172
)
\tikz@lastx=\dimen173
\tikz@lasty=\dimen174
\tikz@lastxsaved=\dimen175
\tikz@lastysaved=\dimen176
\tikzleveldistance=\dimen177
\tikzsiblingdistance=\dimen178
\tikz@figbox=\box45
\tikz@figbox@bg=\box46
\tikz@tempbox=\box47
\tikz@tempbox@bg=\box48
\tikztreelevel=\count125
\tikznumberofchildren=\count126
\tikznumberofcurrentchild=\count127
\tikz@fig@count=\count128

("C:\Users\agarws1\AppData\Local\Programs\MiKTeX 2.9\tex\generic\pgf\modules\pg
fmodulematrix.code.tex"
File: pgfmodulematrix.code.tex 2013/09/17  (rcs-revision 1.8)
\pgfmatrixcurrentrow=\count129
\pgfmatrixcurrentcolumn=\count130
\pgf@matrix@numberofcolumns=\count131
)
\tikz@expandcount=\count132

("C:\Users\agarws1\AppData\Local\Programs\MiKTeX 2.9\tex\generic\pgf\frontendla
yer\tikz\libraries\tikzlibrarytopaths.code.tex"
File: tikzlibrarytopaths.code.tex 2008/06/17 v3.0.1a (rcs-revision 1.2)
)))
("C:\Users\agarws1\AppData\Local\Programs\MiKTeX 2.9\tex\generic\pgf\frontendla
yer\tikz\libraries\tikzlibrarypositioning.code.tex"
File: tikzlibrarypositioning.code.tex 2008/10/06 v3.0.1a (rcs-revision 1.7)
)
\c@@todonotes@numberoftodonotes=\count133
)
("C:\Users\agarws1\AppData\Local\Programs\MiKTeX 2.9\tex\generic\xypic\xy.sty"
("C:\Users\agarws1\AppData\Local\Programs\MiKTeX 2.9\tex\generic\xypic\xy.tex"
Bootstrap'ing: catcodes, docmode,
("C:\Users\agarws1\AppData\Local\Programs\MiKTeX 2.9\tex\generic\xypic\xyrecat.
tex")
("C:\Users\agarws1\AppData\Local\Programs\MiKTeX 2.9\tex\generic\xypic\xyidioms
.tex")

 Xy-pic version 3.8.9 <2013/10/06>
 Copyright (c) 1991-2013 by Kristoffer H. Rose <krisrose@tug.org> and others
 Xy-pic is free software: see the User's Guide for details.

Loading kernel: messages; fonts; allocations: state,
\X@c=\dimen179
\Y@c=\dimen180
\U@c=\dimen181
\D@c=\dimen182
\L@c=\dimen183
\R@c=\dimen184
\Edge@c=\toks57
\X@p=\dimen185
\Y@p=\dimen186
\U@p=\dimen187
\D@p=\dimen188
\L@p=\dimen189
\R@p=\dimen190
\Edge@p=\toks58
\X@origin=\dimen191
\Y@origin=\dimen192
\X@xbase=\dimen193
\Y@xbase=\dimen194
\X@ybase=\dimen195
\Y@ybase=\dimen196
\X@min=\dimen197
\Y@min=\dimen198
\X@max=\dimen199
\Y@max=\dimen256
\lastobjectbox@=\box49
\zerodotbox@=\box50
\almostz@=\dimen257
 direction,
\d@X=\dimen258
\d@Y=\dimen259
\K@=\count134
\KK@=\count135
\Direction=\count136
\K@dXdY=\dimen260
\K@dYdX=\dimen261
\xyread@=\read3
\xywrite@=\write4
\csp@=\count137
\quotPTK@=\dimen262

utility macros; pictures: \xy, positions,
\swaptoks@@=\toks59
\connectobjectbox@@=\box51
 objects,
\styletoks@=\toks60
 decorations;
kernel objects: directionals, circles, text; options; algorithms: directions,
edges, connections;  Xy-pic loaded)
("C:\Users\agarws1\AppData\Local\Programs\MiKTeX 2.9\tex\generic\oberdiek\ifpdf
.sty"
Package: ifpdf 2017/03/15 v3.2 Provides the ifpdf switch
)
Package: xy 2013/10/06 Xy-pic version 3.8.9

("C:\Users\agarws1\AppData\Local\Programs\MiKTeX 2.9\tex\generic\xypic\xyall.te
x"  Xy-pic option: All features v.3.8
("C:\Users\agarws1\AppData\Local\Programs\MiKTeX 2.9\tex\generic\xypic\xycurve.
tex"  Xy-pic option: Curve and Spline extension v.3.12 curve,
\crv@cnt@=\count138
\crvpts@=\toks61
\splinebox@=\box52
\splineval@=\dimen263
\splinedepth@=\dimen264
\splinetol@=\dimen265
\splinelength@=\dimen266
 circles,
\L@=\dimen267
 loaded)
("C:\Users\agarws1\AppData\Local\Programs\MiKTeX 2.9\tex\generic\xypic\xyframe.
tex"  Xy-pic option: Frame and Bracket extension v.3.14 loaded)
("C:\Users\agarws1\AppData\Local\Programs\MiKTeX 2.9\tex\generic\xypic\xycmtip.
tex"  Xy-pic option: Computer Modern tip extension v.3.7
("C:\Users\agarws1\AppData\Local\Programs\MiKTeX 2.9\tex\generic\xypic\xytips.t
ex"  Xy-pic option: More Tips extension v.3.11 loaded) loaded)
("C:\Users\agarws1\AppData\Local\Programs\MiKTeX 2.9\tex\generic\xypic\xyline.t
ex"  Xy-pic option: Line styles extension v.3.10
\xylinethick@=\dimen268
 loaded)
("C:\Users\agarws1\AppData\Local\Programs\MiKTeX 2.9\tex\generic\xypic\xyrotate
.tex"  Xy-pic option: Rotate and Scale extension v.3.8 loaded)
("C:\Users\agarws1\AppData\Local\Programs\MiKTeX 2.9\tex\generic\xypic\xycolor.
tex"  Xy-pic option: Colour extension v.3.11 loaded)
("C:\Users\agarws1\AppData\Local\Programs\MiKTeX 2.9\tex\generic\xypic\xymatrix
.tex"  Xy-pic option: Matrix feature v.3.14
\Row=\count139
\Col=\count140
\queue@=\toks62
\queue@@=\toks63
\qcount@=\count141
\qcount@@=\count142
\matrixsize@=\count143
 loaded)
("C:\Users\agarws1\AppData\Local\Programs\MiKTeX 2.9\tex\generic\xypic\xyarrow.
tex"  Xy-pic option: Arrow and Path feature v.3.9 path, \ar, loaded)
("C:\Users\agarws1\AppData\Local\Programs\MiKTeX 2.9\tex\generic\xypic\xygraph.
tex"  Xy-pic option: Graph feature v.3.11 loaded) loaded)
("C:\Users\agarws1\AppData\Local\Programs\MiKTeX 2.9\tex\generic\xypic\xypdf.te
x"  Xy-pic option: PDF driver v.1.7
Xy-pic pdf driver: `color' extension support
("C:\Users\agarws1\AppData\Local\Programs\MiKTeX 2.9\tex\generic\xypic\xypdf-co
.tex" loaded) Xy-pic pdf driver: `curve' extension support
("C:\Users\agarws1\AppData\Local\Programs\MiKTeX 2.9\tex\generic\xypic\xypdf-cu
.tex" loaded) Xy-pic pdf driver: `frame' extension support
("C:\Users\agarws1\AppData\Local\Programs\MiKTeX 2.9\tex\generic\xypic\xypdf-fr
.tex" loaded) Xy-pic pdf driver: `line' extension support
("C:\Users\agarws1\AppData\Local\Programs\MiKTeX 2.9\tex\generic\xypic\xypdf-li
.tex" loaded) Xy-pic pdf driver: `rotate' extension support
("C:\Users\agarws1\AppData\Local\Programs\MiKTeX 2.9\tex\generic\xypic\xypdf-ro
.tex" loaded) loaded))
("C:\Users\agarws1\AppData\Local\Programs\MiKTeX 2.9\tex\generic\xypic\xypoly.t
ex"  Xy-pic option: Polygon feature v.3.11 polygons,
\xypolynode@=\count144
 loaded)
("C:\Users\agarws1\AppData\Local\Programs\MiKTeX 2.9\tex\generic\xypic\xyarc.te
x"  Xy-pic option: Circle, Ellipse, Arc feature v.3.8 circles, ellipses,
elliptical arcs, loaded)
("C:\Users\agarws1\AppData\Local\Programs\MiKTeX 2.9\tex\generic\pgf\frontendla
yer\tikz\libraries\tikzlibrarydecorations.pathmorphing.code.tex"
("C:\Users\agarws1\AppData\Local\Programs\MiKTeX 2.9\tex\generic\pgf\frontendla
yer\tikz\libraries\tikzlibrarydecorations.code.tex"
("C:\Users\agarws1\AppData\Local\Programs\MiKTeX 2.9\tex\generic\pgf\modules\pg
fmoduledecorations.code.tex"
\pgfdecoratedcompleteddistance=\dimen269
\pgfdecoratedremainingdistance=\dimen270
\pgfdecoratedinputsegmentcompleteddistance=\dimen271
\pgfdecoratedinputsegmentremainingdistance=\dimen272
\pgf@decorate@distancetomove=\dimen273
\pgf@decorate@repeatstate=\count145
\pgfdecorationsegmentamplitude=\dimen274
\pgfdecorationsegmentlength=\dimen275
)
\tikz@lib@dec@box=\box53
)
("C:\Users\agarws1\AppData\Local\Programs\MiKTeX 2.9\tex\generic\pgf\libraries\
decorations\pgflibrarydecorations.pathmorphing.code.tex"))
("C:\Users\agarws1\AppData\Local\Programs\MiKTeX 2.9\tex\generic\pgf\frontendla
yer\tikz\libraries\tikzlibrarycalc.code.tex"
File: tikzlibrarycalc.code.tex 2013/07/15 v3.0.1a (rcs-revision 1.9)
)
("C:\Users\agarws1\AppData\Local\Programs\MiKTeX 2.9\tex\generic\pgf\frontendla
yer\tikz\libraries\tikzlibraryintersections.code.tex"
("C:\Users\agarws1\AppData\Local\Programs\MiKTeX 2.9\tex\generic\pgf\libraries\
pgflibraryintersections.code.tex"
("C:\Users\agarws1\AppData\Local\Programs\MiKTeX 2.9\tex\generic\pgf\libraries\
pgflibraryfpu.code.tex")
\pgf@intersect@solutions=\count146
))
\c@thm=\count147

No file "General WLD combinatorics".aux.
\openout1 = `"General WLD combinatorics.aux"'.

LaTeX Font Info:    Checking defaults for OML/cmm/m/it on input line 307.
LaTeX Font Info:    ... okay on input line 307.
LaTeX Font Info:    Checking defaults for T1/cmr/m/n on input line 307.
LaTeX Font Info:    ... okay on input line 307.
LaTeX Font Info:    Checking defaults for OT1/cmr/m/n on input line 307.
LaTeX Font Info:    ... okay on input line 307.
LaTeX Font Info:    Checking defaults for OMS/cmsy/m/n on input line 307.
LaTeX Font Info:    ... okay on input line 307.
LaTeX Font Info:    Checking defaults for OMX/cmex/m/n on input line 307.
LaTeX Font Info:    ... okay on input line 307.
LaTeX Font Info:    Checking defaults for U/cmr/m/n on input line 307.
LaTeX Font Info:    ... okay on input line 307.

("C:\Users\agarws1\AppData\Local\Programs\MiKTeX 2.9\tex\context\base\supp-pdf.
mkii"
[Loading MPS to PDF converter (version 2006.09.02).]
\scratchcounter=\count148
\scratchdimen=\dimen276
\scratchbox=\box54
\nofMPsegments=\count149
\nofMParguments=\count150
\everyMPshowfont=\toks64
\MPscratchCnt=\count151
\MPscratchDim=\dimen277
\MPnumerator=\count152
\makeMPintoPDFobject=\count153
\everyMPtoPDFconversion=\toks65
)
("C:\Users\agarws1\AppData\Local\Programs\MiKTeX 2.9\tex\latex\oberdiek\epstopd
f-base.sty"
Package: epstopdf-base 2016/05/15 v2.6 Base part for package epstopdf

("C:\Users\agarws1\AppData\Local\Programs\MiKTeX 2.9\tex\generic\oberdiek\infwa
rerr.sty"
Package: infwarerr 2016/05/16 v1.4 Providing info/warning/error messages (HO)
)
("C:\Users\agarws1\AppData\Local\Programs\MiKTeX 2.9\tex\latex\oberdiek\grfext.
sty"
Package: grfext 2016/05/16 v1.2 Manage graphics extensions (HO)

("C:\Users\agarws1\AppData\Local\Programs\MiKTeX 2.9\tex\generic\oberdiek\kvdef
inekeys.sty"
Package: kvdefinekeys 2016/05/16 v1.4 Define keys (HO)

("C:\Users\agarws1\AppData\Local\Programs\MiKTeX 2.9\tex\generic\oberdiek\ltxcm
ds.sty"
Package: ltxcmds 2016/05/16 v1.23 LaTeX kernel commands for general use (HO)
)))
("C:\Users\agarws1\AppData\Local\Programs\MiKTeX 2.9\tex\latex\oberdiek\kvoptio
ns.sty"
Package: kvoptions 2016/05/16 v3.12 Key value format for package options (HO)

("C:\Users\agarws1\AppData\Local\Programs\MiKTeX 2.9\tex\generic\oberdiek\kvset
keys.sty"
Package: kvsetkeys 2016/05/16 v1.17 Key value parser (HO)

("C:\Users\agarws1\AppData\Local\Programs\MiKTeX 2.9\tex\generic\oberdiek\etexc
mds.sty"
Package: etexcmds 2016/05/16 v1.6 Avoid name clashes with e-TeX commands (HO)

("C:\Users\agarws1\AppData\Local\Programs\MiKTeX 2.9\tex\generic\oberdiek\iflua
tex.sty"
Package: ifluatex 2016/05/16 v1.4 Provides the ifluatex switch (HO)
Package ifluatex Info: LuaTeX not detected.
)
Package etexcmds Info: Could not find \expanded.
(etexcmds)             That can mean that you are not using pdfTeX 1.50 or
(etexcmds)             that some package has redefined \expanded.
(etexcmds)             In the latter case, load this package earlier.
)))
("C:\Users\agarws1\AppData\Local\Programs\MiKTeX 2.9\tex\generic\oberdiek\pdfte
xcmds.sty"
Package: pdftexcmds 2018/01/30 v0.27 Utility functions of pdfTeX for LuaTeX (HO
)
Package pdftexcmds Info: LuaTeX not detected.
Package pdftexcmds Info: \pdf@primitive is available.
Package pdftexcmds Info: \pdf@ifprimitive is available.
Package pdftexcmds Info: \pdfdraftmode found.
)
Package epstopdf-base Info: Redefining graphics rule for `.eps' on input line 4
38.
Package grfext Info: Graphics extension search list:
(grfext)             [.pdf,.png,.jpg,.mps,.jpeg,.jbig2,.jb2,.PDF,.PNG,.JPG,.JPE
G,.JBIG2,.JB2,.eps]
(grfext)             \AppendGraphicsExtensions on input line 456.
) ABD: EveryShipout initializing macros
LaTeX Font Info:    Try loading font information for U+msa on input line 307.

("C:\Users\agarws1\AppData\Local\Programs\MiKTeX 2.9\tex\latex\amsfonts\umsa.fd
"
File: umsa.fd 2013/01/14 v3.01 AMS symbols A
)
LaTeX Font Info:    Try loading font information for U+msb on input line 307.

("C:\Users\agarws1\AppData\Local\Programs\MiKTeX 2.9\tex\latex\amsfonts\umsb.fd
"
File: umsb.fd 2013/01/14 v3.01 AMS symbols B
)
Package xypdf Info: Line width: 0.43799pt on input line 307.
 [1

{C:/Users/agarws1/AppData/Local/MiKTeX/2.9/pdftex/config/pdftex.map}]
[2]

LaTeX Warning: Reference `eg:equivdiags' on page 3 undefined on input line 423.



LaTeX Warning: Citation `wilsonloops' on page 3 undefined on input line 435.


LaTeX Warning: Citation `wilsonloop' on page 3 undefined on input line 444.


LaTeX Warning: Reference `thm WLD defines matroid' on page 3 undefined on input
 line 444.


LaTeX Warning: Reference `same matroid iff equiv' on page 3 undefined on input 
line 448.


LaTeX Warning: Reference `number of equiv diagrams' on page 3 undefined on inpu
t line 448.

[3]

LaTeX Warning: Citation `wilsonloop' on page 4 undefined on input line 464.


LaTeX Warning: Citation `wilsonloop' on page 4 undefined on input line 466.


LaTeX Warning: Reference `thm WLD defines matroid' on page 4 undefined on input
 line 469.

[4]

LaTeX Warning: Citation `wilsonloop' on page 5 undefined on input line 489.


LaTeX Warning: Citation `wilsonloop' on page 5 undefined on input line 489.


LaTeX Warning: Citation `wilsonloop' on page 5 undefined on input line 489.

LaTeX Font Info:    Try loading font information for OMS+cmr on input line 502.

("C:\Users\agarws1\AppData\Local\Programs\MiKTeX 2.9\tex\latex\base\omscmr.fd"
File: omscmr.fd 2014/09/29 v2.5h Standard LaTeX font definitions
)
LaTeX Font Info:    Font shape `OMS/cmr/m/n' in size <10.95> not available
(Font)              Font shape `OMS/cmsy/m/n' tried instead on input line 502.
[5]

LaTeX Warning: Reference `eg:equivdiags' on page 6 undefined on input line 522.



LaTeX Warning: Reference `WLDtopolygonpartition' on page 6 undefined on input l
ine 579.

[6]

LaTeX Warning: Reference `tausimpleplanarlem' on page 7 undefined on input line
 595.

[7]

LaTeX Warning: Reference `tausimpleplanarlem' on page 8 undefined on input line
 647.


LaTeX Warning: Reference `decompositionlem' on page 8 undefined on input line 6
47.

[8]
Overfull \hbox (39.6006pt too wide) in paragraph at lines 660--663
\OT1/cmr/m/n/10.95 Thus the sub-di-a-gram $(\OML/cmm/m/it/10.95 P; V\OT1/cmr/m/
n/10.95 (\OML/cmm/m/it/10.95 P\OT1/cmr/m/n/10.95 ))$ de-fined by $\OML/cmm/m/it
/10.95 t$ \OT1/cmr/m/n/10.95 is ex-act. >>>>>>> c17bd3a390160bb225ceebaa74317a2
884222613 
 []

[9]

LaTeX Warning: Reference `decompositionlem' on page 10 undefined on input line 
700.


LaTeX Warning: Reference `lem triang to exact' on page 10 undefined on input li
ne 700.


LaTeX Warning: Reference `maxtriangdisjointcor' on page 10 undefined on input l
ine 700.


LaTeX Warning: Reference `uniqueproppartitioncor' on page 10 undefined on input
 line 705.


LaTeX Warning: Citation `wilsonloop' on page 10 undefined on input line 712.


LaTeX Warning: Citation `wilsonloop' on page 10 undefined on input line 714.


LaTeX Warning: Reference `maxexactcomplementrank' on page 10 undefined on input
 line 719.


LaTeX Warning: Reference `contractsubdiaglem' on page 10 undefined on input lin
e 719.


LaTeX Warning: Reference `contractsubdiaglem' on page 10 undefined on input lin
e 724.

[10]

LaTeX Warning: Reference `lem properties of prop flats' on page 11 undefined on
 input line 752.


LaTeX Warning: Citation `wilsonloop' on page 11 undefined on input line 754.


LaTeX Warning: Reference `lem facts about WLD matroids' on page 11 undefined on
 input line 756.

[11]

LaTeX Warning: Reference `lem properties of prop flats' on page 12 undefined on
 input line 802.


LaTeX Warning: Reference `eq F is dependent' on page 12 undefined on input line
 802.


LaTeX Warning: Reference `classifyflats' on page 12 undefined on input line 804
.


LaTeX Warning: Reference `lem decompose flat' on page 12 undefined on input lin
e 808.


LaTeX Warning: Reference `lem facts about WLD matroids' on page 12 undefined on
 input line 810.


LaTeX Warning: Reference `lem facts about WLD matroids' on page 12 undefined on
 input line 810.


LaTeX Warning: Reference `increasingrank' on page 12 undefined on input line 81
0.


LaTeX Warning: Reference `eq decompose F' on page 12 undefined on input line 81
2.


LaTeX Warning: Reference `Qsizebound' on page 12 undefined on input line 814.


LaTeX Warning: Reference `eq decompose F' on page 12 undefined on input line 81
4.


LaTeX Warning: Reference `lem facts about WLD matroids' on page 12 undefined on
 input line 814.

[12]

LaTeX Warning: Reference `contractsubdiaglem' on page 13 undefined on input lin
e 824.


LaTeX Warning: Reference `sec matroid background' on page 13 undefined on input
 line 826.


LaTeX Warning: Reference `lem facts about WLD matroids' on page 13 undefined on
 input line 837.

[13]

LaTeX Warning: Citation `wilsonloops' on page 14 undefined on input line 851.


Overfull \hbox (23.01668pt too wide) in paragraph at lines 864--865
[]\OT1/cmr/m/n/10.95 The unique top di-men-sional cell of $\U/msb/m/n/10.95 G[]
\OT1/cmr/m/n/10.95 (\OMS/cmsy/m/n/10.95 j\OML/cmm/m/it/10.95 P\OMS/cmsy/m/n/10.
95 j\OML/cmm/m/it/10.95 ; \OMS/cmsy/m/n/10.95 j\OML/cmm/m/it/10.95 V\OT1/cmr/m/
n/10.95 (\OML/cmm/m/it/10.95 P\OT1/cmr/m/n/10.95 )\OMS/cmsy/m/n/10.95 j\OT1/cmr
/m/n/10.95 )$ is de-fined by all points in $\U/msb/m/n/10.95 G[]\OT1/cmr/m/n/10
.95 (\OMS/cmsy/m/n/10.95 j\OML/cmm/m/it/10.95 P\OMS/cmsy/m/n/10.95 j\OML/cmm/m/
it/10.95 ; \OMS/cmsy/m/n/10.95 j\OML/cmm/m/it/10.95 V\OT1/cmr/m/n/10.95 (\OML/c
mm/m/it/10.95 P\OT1/cmr/m/n/10.95 )\OMS/cmsy/m/n/10.95 j\OT1/cmr/m/n/10.95 )$
 []


LaTeX Warning: Reference `maxexactcomplementrank' on page 14 undefined on input
 line 884.

[14]

LaTeX Warning: Reference `exactcircuitlem' on page 15 undefined on input line 8
86.


LaTeX Warning: Reference `uniqueproppartitioncor' on page 15 undefined on input
 line 888.


LaTeX Warning: Reference `vertexsets' on page 15 undefined on input line 888.


Overfull \hbox (14.72797pt too wide) in paragraph at lines 932--933
\OT1/cmr/m/n/10.95 Since Wil-son loop di-a-grams cor-re-spond to positroids, it
 is nat-u-ral to study the sub-space of $\U/msb/m/n/10.95 G[]\OT1/cmr/m/n/10.95
 (\OMS/cmsy/m/n/10.95 jPj\OML/cmm/m/it/10.95 ; n\OT1/cmr/m/n/10.95 )$
 []

[15]

LaTeX Warning: Reference `rem:props of length 2 and 3' on page 16 undefined on 
input line 996.


LaTeX Warning: Reference `item big and 2' on page 16 undefined on input line 99
6.

[16]

LaTeX Warning: Reference `item big and 2' on page 17 undefined on input line 10
40.


LaTeX Warning: Reference `item pair of 2s' on page 17 undefined on input line 1
040.


LaTeX Warning: Reference `rem:props of length 2 and 3' on page 17 undefined on 
input line 1049.


LaTeX Warning: Reference `item pair of 2s' on page 17 undefined on input line 1
052.


LaTeX Warning: Reference `rem:props of length 2 and 3' on page 17 undefined on 
input line 1056.


LaTeX Warning: Reference `item big and 2' on page 17 undefined on input line 10
56.


LaTeX Warning: Reference `item pair of 2s' on page 17 undefined on input line 1
056.


LaTeX Warning: Reference `item pair of 2s' on page 17 undefined on input line 1
063.


LaTeX Warning: Reference `item big and 2' on page 17 undefined on input line 10
63.

[17]

LaTeX Warning: Reference `item pair of 2s' on page 18 undefined on input line 1
066.


LaTeX Warning: Marginpar on page 18 moved.


LaTeX Warning: Reference `lem sian' on page 18 undefined on input line 1288.


LaTeX Warning: Reference `rem:props of length 2 and 3' on page 18 undefined on 
input line 1288.


LaTeX Warning: Reference `item big and 2' on page 18 undefined on input line 12
88.


LaTeX Warning: Reference `item pair of 2s' on page 18 undefined on input line 1
288.

[18]

LaTeX Warning: Reference `alg:put GN on WLD' on page 19 undefined on input line
 1332.


LaTeX Warning: Reference `alg:put GN on WLD' on page 19 undefined on input line
 1349.


LaTeX Warning: Reference `lem no fourth vertex' on page 19 undefined on input l
ine 1352.


LaTeX Warning: Reference `alg:put GN on WLD' on page 19 undefined on input line
 1352.

[19]

LaTeX Warning: Reference `vertex cyclic int lem' on page 20 undefined on input 
line 1461.


LaTeX Warning: Reference `alg:put GN on WLD' on page 20 undefined on input line
 1486.


LaTeX Warning: Reference `def I_i as a function' on page 20 undefined on input 
line 1486.


LaTeX Warning: Reference `lem sian' on page 20 undefined on input line 1495.


LaTeX Warning: Reference `fig 3 cases' on page 20 undefined on input line 1495.


<3cases.pdf, id=85, 569.04593pt x 128.03534pt>
File: 3cases.pdf Graphic file (type pdf)
<use 3cases.pdf>
Package pdftex.def Info: 3cases.pdf  used on input line 1500.
(pdftex.def)             Requested size: 455.23735pt x 102.4284pt.

LaTeX Warning: Reference `fig V diagram' on page 20 undefined on input line 150
5.

<Vdiagram_modified.pdf, id=86, 221.14621pt x 128.64061pt>
File: Vdiagram_modified.pdf Graphic file (type pdf)
<use Vdiagram_modified.pdf>
Package pdftex.def Info: Vdiagram_modified.pdf  used on input line 1509.
(pdftex.def)             Requested size: 176.91719pt x 102.91261pt.

LaTeX Warning: Reference `fig 3 cases' on page 20 undefined on input line 1515.



LaTeX Warning: Reference `fig 3 cases' on page 20 undefined on input line 1518.


[20 <./3cases.pdf>]

LaTeX Warning: Reference `lem no fourth vertex' on page 21 undefined on input l
ine 1521.

[21 <./Vdiagram_modified.pdf>]

LaTeX Warning: Reference `fig 3 cases' on page 22 undefined on input line 1566.



LaTeX Warning: Reference `fig 3 cases' on page 22 undefined on input line 1593.



Overfull \hbox (12.81996pt too wide) detected at line 1605
\OML/cmm/m/it/10.95 J[]\OT1/cmr/m/n/10.95 (\OML/cmm/m/it/10.95 m\OT1/cmr/m/n/10
.95 ) = [\OML/cmm/m/it/10.95 m \OT1/cmr/m/n/10.95 + 4\OML/cmm/m/it/10.95 ; d \O
MS/cmsy/m/n/10.95   \OT1/cmr/m/n/10.95 1]\OML/cmm/m/it/10.95 ;  J[]\OT1/cmr/m/n
/10.95 (\OML/cmm/m/it/10.95 m \OT1/cmr/m/n/10.95 + 1) = [\OML/cmm/m/it/10.95 d;
 m \OT1/cmr/m/n/10.95 + 1]\OML/cmm/m/it/10.95 ;  J[]\OT1/cmr/m/n/10.95 (\OML/cm
m/m/it/10.95 m \OT1/cmr/m/n/10.95 + 2) = \OMS/cmsy/m/n/10.95 f\OML/cmm/m/it/10.
95 m \OT1/cmr/m/n/10.95 + 2\OMS/cmsy/m/n/10.95 g\OML/cmm/m/it/10.95 ;  J[]\OT1/
cmr/m/n/10.95 (\OML/cmm/m/it/10.95 m \OT1/cmr/m/n/10.95 + 3) = \OMS/cmsy/m/n/10
.95 f\OML/cmm/m/it/10.95 m \OT1/cmr/m/n/10.95 + 3\OMS/cmsy/m/n/10.95 g\OML/cmm/
m/it/10.95 ;
 []

[22]
Overfull \hbox (12.81996pt too wide) detected at line 1610
\OML/cmm/m/it/10.95 J[]\OT1/cmr/m/n/10.95 (\OML/cmm/m/it/10.95 m\OT1/cmr/m/n/10
.95 ) = \OMS/cmsy/m/n/10.95 f\OML/cmm/m/it/10.95 m \OT1/cmr/m/n/10.95 + 3\OMS/c
msy/m/n/10.95 g\OML/cmm/m/it/10.95 ;  J[]\OT1/cmr/m/n/10.95 (\OML/cmm/m/it/10.9
5 m \OT1/cmr/m/n/10.95 + 1) = [\OML/cmm/m/it/10.95 m \OT1/cmr/m/n/10.95 + 4\OML
/cmm/m/it/10.95 ; d \OMS/cmsy/m/n/10.95   \OT1/cmr/m/n/10.95 1]\OML/cmm/m/it/10
.95 ;  J[]\OT1/cmr/m/n/10.95 (\OML/cmm/m/it/10.95 m \OT1/cmr/m/n/10.95 + 2) = [
\OML/cmm/m/it/10.95 d; m \OT1/cmr/m/n/10.95 + 1]\OML/cmm/m/it/10.95 ;  J[]\OT1/
cmr/m/n/10.95 (\OML/cmm/m/it/10.95 m \OT1/cmr/m/n/10.95 + 3) = \OMS/cmsy/m/n/10
.95 f\OML/cmm/m/it/10.95 m \OT1/cmr/m/n/10.95 + 2\OMS/cmsy/m/n/10.95 g\OML/cmm/
m/it/10.95 ;
 []


Overfull \hbox (27.46954pt too wide) detected at line 1614
\OML/cmm/m/it/10.95 J[]\OT1/cmr/m/n/10.95 (\OML/cmm/m/it/10.95 m\OT1/cmr/m/n/10
.95 ) = [\OML/cmm/m/it/10.95 m \OT1/cmr/m/n/10.95 + 4\OML/cmm/m/it/10.95 ; j \O
T1/cmr/m/n/10.95 + 1]\OML/cmm/m/it/10.95 ;  J[]\OT1/cmr/m/n/10.95 (\OML/cmm/m/i
t/10.95 m \OT1/cmr/m/n/10.95 + 1) = [\OML/cmm/m/it/10.95 j \OT1/cmr/m/n/10.95 +
 2\OML/cmm/m/it/10.95 ; d \OMS/cmsy/m/n/10.95   \OT1/cmr/m/n/10.95 1]\OML/cmm/m
/it/10.95 ;  J[]\OT1/cmr/m/n/10.95 (\OML/cmm/m/it/10.95 m \OT1/cmr/m/n/10.95 + 
2) = [\OML/cmm/m/it/10.95 d; m \OT1/cmr/m/n/10.95 + 1]\OML/cmm/m/it/10.95 ;  J[
]\OT1/cmr/m/n/10.95 (\OML/cmm/m/it/10.95 m \OT1/cmr/m/n/10.95 + 3) = \OMS/cmsy/
m/n/10.95 f\OML/cmm/m/it/10.95 m \OT1/cmr/m/n/10.95 + 3\OMS/cmsy/m/n/10.95 g\OM
L/cmm/m/it/10.95 ;
 []

[23]

LaTeX Warning: Reference `alg:put GN on WLD' on page 24 undefined on input line
 1684.


LaTeX Warning: Reference `alg:put GN on WLD' on page 24 undefined on input line
 1702.

[24]

LaTeX Warning: Reference `alg:put GN on WLD' on page 25 undefined on input line
 1720.


LaTeX Warning: Reference `alg:put GN on WLD' on page 25 undefined on input line
 1729.


LaTeX Warning: Reference `vertex cyclic int lem' on page 25 undefined on input 
line 1733.

[25]

LaTeX Warning: Reference `lem basis as perm' on page 26 undefined on input line
 1781.


LaTeX Warning: Reference `lem basis as perm' on page 26 undefined on input line
 1790.

[26]

LaTeX Warning: Reference `lem no fourth vertex' on page 27 undefined on input l
ine 1813.


LaTeX Warning: Citation `reversingOh' on page 27 undefined on input line 1822.


LaTeX Warning: Reference `vertex cyclic int lem' on page 27 undefined on input 
line 1830.

[27]

LaTeX Warning: Reference `lem sian' on page 28 undefined on input line 1838.

LaTeX Font Info:    Font shape `OMS/cmr/m/it' in size <10.95> not available
(Font)              Font shape `OMS/cmsy/m/n' tried instead on input line 1857.

[28]

LaTeX Warning: Reference `lem sian' on page 29 undefined on input line 1871.


LaTeX Warning: Reference `lem sian' on page 29 undefined on input line 1871.


LaTeX Warning: Reference `lem sian' on page 29 undefined on input line 1873.


LaTeX Warning: Reference `lem good p' on page 29 undefined on input line 1879.


LaTeX Warning: Reference `lem good p' on page 29 undefined on input line 1879.

[29]
<specialp.pdf, id=124, 253.36256pt x 112.54045pt>
File: specialp.pdf Graphic file (type pdf)
<use specialp.pdf>
Package pdftex.def Info: specialp.pdf  used on input line 1900.
(pdftex.def)             Requested size: 253.36194pt x 112.54016pt.


LaTeX Warning: Reference `fig special p' on page 30 undefined on input line 190
5.


LaTeX Warning: Reference `vertex cyclic int lem' on page 30 undefined on input 
line 1907.

[30 <./specialp.pdf>]

LaTeX Warning: Reference `fig special p' on page 31 undefined on input line 191
3.


LaTeX Warning: Reference `vertex cyclic int lem' on page 31 undefined on input 
line 1913.


LaTeX Warning: Reference `lem I' on page 31 undefined on input line 1919.


LaTeX Warning: Reference `lem I' on page 31 undefined on input line 1926.


LaTeX Warning: Reference `fig Le' on page 31 undefined on input line 1929.

<Le_diagrams.pdf, id=158, 281.95337pt x 80.7015pt>
File: Le_diagrams.pdf Graphic file (type pdf)
<use Le_diagrams.pdf>
Package pdftex.def Info: Le_diagrams.pdf  used on input line 1932.
(pdftex.def)             Requested size: 281.95267pt x 80.70131pt.

LaTeX Warning: Reference `lem I' on page 31 undefined on input line 1939.

[31 <./Le_diagrams.pdf>]

LaTeX Warning: Reference `lem I' on page 32 undefined on input line 1944.


LaTeX Warning: Reference `lem I' on page 32 undefined on input line 1946.


LaTeX Warning: Reference `vertex cyclic int lem' on page 32 undefined on input 
line 1946.


LaTeX Warning: Reference `lem I' on page 32 undefined on input line 1950.


LaTeX Warning: Reference `lem I' on page 32 undefined on input line 1958.


LaTeX Warning: Reference `vertex cyclic int lem' on page 32 undefined on input 
line 1958.


LaTeX Warning: Reference `lem I' on page 32 undefined on input line 1963.


LaTeX Warning: Reference `lem I' on page 32 undefined on input line 1978.

[32]

LaTeX Warning: Reference `fig messy' on page 33 undefined on input line 1984.


LaTeX Warning: Reference `fig messy' on page 33 undefined on input line 1984.

<messy.pdf, id=177, 286.7714pt x 199.12794pt>
File: messy.pdf Graphic file (type pdf)
<use messy.pdf>
Package pdftex.def Info: messy.pdf  used on input line 1987.
(pdftex.def)             Requested size: 286.77069pt x 199.12744pt.

LaTeX Warning: Reference `fig messy' on page 33 undefined on input line 1991.


LaTeX Warning: Reference `fig messyD' on page 33 undefined on input line 1993.


LaTeX Warning: Reference `fig messy' on page 33 undefined on input line 1993.

<messyD.pdf, id=178, 258.66638pt x 102.41261pt>
File: messyD.pdf Graphic file (type pdf)
<use messyD.pdf>
Package pdftex.def Info: messyD.pdf  used on input line 1996.
(pdftex.def)             Requested size: 258.66574pt x 102.41234pt.

LaTeX Warning: Reference `eq necklace' on page 33 undefined on input line 2002.



LaTeX Warning: Reference `eq necklace' on page 33 undefined on input line 2002.


[33 <./messy.pdf>]

LaTeX Warning: Reference `eq necklace' on page 34 undefined on input line 2006.



LaTeX Warning: Reference `lem I' on page 34 undefined on input line 2012.


LaTeX Warning: Reference `lem I' on page 34 undefined on input line 2017.


LaTeX Warning: Reference `lem I' on page 34 undefined on input line 2019.


LaTeX Warning: Reference `lem n-2 bad' on page 34 undefined on input line 2019.


[34 <./messyD.pdf>]

LaTeX Warning: Reference `lem uncovered' on page 35 undefined on input line 203
3.


LaTeX Warning: Reference `lem dihedral' on page 35 undefined on input line 2033
.


LaTeX Warning: Reference `lem good p' on page 35 undefined on input line 2033.


LaTeX Warning: Reference `lem n-2 bad' on page 35 undefined on input line 2035.



LaTeX Warning: Reference `lem shape' on page 35 undefined on input line 2037.


LaTeX Warning: Reference `lem n and n-1' on page 35 undefined on input line 203
7.


LaTeX Warning: Reference `lem n-2 good' on page 35 undefined on input line 2037
.


LaTeX Warning: Reference `lem n-2 bad' on page 35 undefined on input line 2037.



LaTeX Warning: Reference `lem n and n-1' on page 35 undefined on input line 203
7.


LaTeX Warning: Reference `lem n-2 good' on page 35 undefined on input line 2037
.


LaTeX Warning: Reference `lem n-2 bad' on page 35 undefined on input line 2037.



LaTeX Warning: Reference `lem other k' on page 35 undefined on input line 2037.



LaTeX Warning: Reference `lem n-2 bad' on page 35 undefined on input line 2041.



LaTeX Warning: Reference `lem n-2 bad' on page 35 undefined on input line 2044.


[35]

LaTeX Warning: Reference `sec GN algorithm' on page 36 undefined on input line 
2056.


LaTeX Warning: Reference `def R(W)' on page 36 undefined on input line 2056.


LaTeX Warning: Reference `thm denom' on page 36 undefined on input line 2058.


LaTeX Warning: Reference `C(W) dfn' on page 36 undefined on input line 2064.


LaTeX Warning: Reference `section background' on page 36 undefined on input lin
e 2064.

<egWLD_forR.pdf, id=286, 569.04593pt x 113.80919pt>
File: egWLD_forR.pdf Graphic file (type pdf)
<use egWLD_forR.pdf>
Package pdftex.def Info: egWLD_forR.pdf  used on input line 2080.
(pdftex.def)             Requested size: 569.04453pt x 113.8089pt.

Overfull \hbox (99.2895pt too wide) in paragraph at lines 2080--2081
[][] 
 []


LaTeX Warning: Reference `alg WLD to denom via GN' on page 36 undefined on inpu
t line 2081.


LaTeX Warning: Reference `alg WLD to denom via GN' on page 36 undefined on inpu
t line 2081.


LaTeX Warning: Marginpar on page 36 moved.


LaTeX Warning: Reference `fig R eg' on page 36 undefined on input line 2086.

[36 <./egWLD_forR.pdf>]

LaTeX Warning: Reference `fig R eg' on page 37 undefined on input line 2092.


LaTeX Warning: Reference `prop alg gives rad' on page 37 undefined on input lin
e 2100.


LaTeX Warning: Reference `def R(W)' on page 37 undefined on input line 2106.


LaTeX Warning: Reference `alg WLD to denom via GN' on page 37 undefined on inpu
t line 2111.

[37]

LaTeX Warning: Reference `fig no big factors' on page 38 undefined on input lin
e 2141.

<no_big_factors.pdf, id=296, 455.23677pt x 199.16608pt>
File: no_big_factors.pdf Graphic file (type pdf)
<use no_big_factors.pdf>
Package pdftex.def Info: no_big_factors.pdf  used on input line 2144.
(pdftex.def)             Requested size: 455.23564pt x 199.16559pt.

LaTeX Warning: Reference `vertex cyclic int lem' on page 38 undefined on input 
line 2148.

[38]

LaTeX Warning: Reference `fig no big factors' on page 39 undefined on input lin
e 2159.


LaTeX Warning: Reference `vertex cyclic int lem' on page 39 undefined on input 
line 2159.

[39 <./no_big_factors.pdf>] [40]

LaTeX Warning: Reference `fig quadratic' on page 41 undefined on input line 218
3.

<quadratic.pdf, id=308, 256.07068pt x 113.80919pt>
File: quadratic.pdf Graphic file (type pdf)
<use quadratic.pdf>
Package pdftex.def Info: quadratic.pdf  used on input line 2186.
(pdftex.def)             Requested size: 256.07004pt x 113.8089pt.

LaTeX Warning: Reference `vertex cyclic int lem' on page 41 undefined on input 
line 2190.


LaTeX Warning: Reference `vertex cyclic int lem' on page 41 undefined on input 
line 2192.


LaTeX Warning: Reference `lem no fourth vertex' on page 41 undefined on input l
ine 2194.


LaTeX Warning: Reference `fig part 4' on page 41 undefined on input line 2194.

<part4.pdf, id=309, 206.6922pt x 218.9781pt>
File: part4.pdf Graphic file (type pdf)
<use part4.pdf>
Package pdftex.def Info: part4.pdf  used on input line 2197.
(pdftex.def)             Requested size: 103.34584pt x 109.48877pt.

LaTeX Warning: Reference `vertex cyclic int lem' on page 41 undefined on input 
line 2201.


LaTeX Warning: Reference `fig part 4' on page 41 undefined on input line 2201.

[41 <./quadratic.pdf> <./part4.pdf

pdfTeX warning: pdflatex.exe (file ./part4.pdf): PDF inclusion: multiple pdfs w
ith page group included in a single page
>]

LaTeX Warning: Reference `vertex cyclic int lem' on page 42 undefined on input 
line 2217.


LaTeX Warning: Reference `vertex cyclic int lem' on page 42 undefined on input 
line 2219.


LaTeX Warning: Reference `def R(W)' on page 42 undefined on input line 2227.


LaTeX Warning: Reference `prop alg gives rad' on page 42 undefined on input lin
e 2231.


LaTeX Warning: Reference `alg WLD to denom via GN' on page 42 undefined on inpu
t line 2231.


LaTeX Warning: Reference `vertex cyclic int lem' on page 42 undefined on input 
line 2233.


LaTeX Warning: Reference `prop alg gives rad' on page 42 undefined on input lin
e 2233.

[42] [43] ("General WLD combinatorics.aux")

LaTeX Warning: There were undefined references.


LaTeX Warning: Label(s) may have changed. Rerun to get cross-references right.

 ) 
Here is how much of TeX's memory you used:
 18711 strings out of 492973
 359764 string characters out of 3125806
 490887 words of memory out of 3000000
 22152 multiletter control sequences out of 15000+200000
 16130 words of font info for 63 fonts, out of 3000000 for 9000
 1141 hyphenation exceptions out of 8191
 61i,19n,76p,3255b,978s stack positions out of 5000i,500n,10000p,200000b,50000s
<C:/Users/agarws1/AppData/Local/Programs/MiKTeX 2.9/fonts/type1/public/amsfon
ts/cm/cmbx10.pfb><C:/Users/agarws1/AppData/Local/Programs/MiKTeX 2.9/fonts/type
1/public/amsfonts/cm/cmbx12.pfb><C:/Users/agarws1/AppData/Local/Programs/MiKTeX
 2.9/fonts/type1/public/amsfonts/cm/cmbxti10.pfb><C:/Users/agarws1/AppData/Loca
l/Programs/MiKTeX 2.9/fonts/type1/public/amsfonts/cm/cmex10.pfb><C:/Users/agarw
s1/AppData/Local/Programs/MiKTeX 2.9/fonts/type1/public/amsfonts/cm/cmmi10.pfb>
<C:/Users/agarws1/AppData/Local/Programs/MiKTeX 2.9/fonts/type1/public/amsfonts
/cm/cmmi6.pfb><C:/Users/agarws1/AppData/Local/Programs/MiKTeX 2.9/fonts/type1/p
ublic/amsfonts/cm/cmmi8.pfb><C:/Users/agarws1/AppData/Local/Programs/MiKTeX 2.9
/fonts/type1/public/amsfonts/cm/cmmi9.pfb><C:/Users/agarws1/AppData/Local/Progr
ams/MiKTeX 2.9/fonts/type1/public/amsfonts/cm/cmr10.pfb><C:/Users/agarws1/AppDa
ta/Local/Programs/MiKTeX 2.9/fonts/type1/public/amsfonts/cm/cmr6.pfb><C:/Users/
agarws1/AppData/Local/Programs/MiKTeX 2.9/fonts/type1/public/amsfonts/cm/cmr8.p
fb><C:/Users/agarws1/AppData/Local/Programs/MiKTeX 2.9/fonts/type1/public/amsfo
nts/cm/cmr9.pfb><C:/Users/agarws1/AppData/Local/Programs/MiKTeX 2.9/fonts/type1
/public/amsfonts/cm/cmsy10.pfb><C:/Users/agarws1/AppData/Local/Programs/MiKTeX 
2.9/fonts/type1/public/amsfonts/cm/cmsy6.pfb><C:/Users/agarws1/AppData/Local/Pr
ograms/MiKTeX 2.9/fonts/type1/public/amsfonts/cm/cmsy8.pfb><C:/Users/agarws1/Ap
pData/Local/Programs/MiKTeX 2.9/fonts/type1/public/amsfonts/cm/cmsy9.pfb><C:/Us
ers/agarws1/AppData/Local/Programs/MiKTeX 2.9/fonts/type1/public/amsfonts/cm/cm
ti10.pfb><C:/Users/agarws1/AppData/Local/Programs/MiKTeX 2.9/fonts/type1/public
/amsfonts/cm/cmti9.pfb><C:/Users/agarws1/AppData/Local/Programs/MiKTeX 2.9/font
s/type1/public/amsfonts/symbols/msam10.pfb><C:/Users/agarws1/AppData/Local/Prog
rams/MiKTeX 2.9/fonts/type1/public/amsfonts/symbols/msbm10.pfb>
Output written on "General WLD combinatorics.pdf" (43 pages, 1097133 bytes).
PDF statistics:
 392 PDF objects out of 1000 (max. 8388607)
 0 named destinations out of 1000 (max. 500000)
 63 words of extra memory for PDF output out of 10000 (max. 10000000)

